<?xml version="1.0" encoding="UTF-8"?>
<testng-results skipped="0" failed="0" total="1" passed="1">
  <reporter-output>
  </reporter-output>
  <suite name="Default suite" duration-ms="11403" started-at="2024-02-05T13:52:13Z" finished-at="2024-02-05T13:52:24Z">
    <groups>
    </groups>
    <test name="Default test" duration-ms="11403" started-at="2024-02-05T13:52:13Z" finished-at="2024-02-05T13:52:24Z">
      <class name="Direct_OP.Test.LoginTest">
        <test-method status="PASS" signature="logintest()[pri:0, instance:Direct_OP.Test.LoginTest@340f438e]" name="logintest" duration-ms="11387" started-at="2024-02-05T19:22:13Z" finished-at="2024-02-05T19:22:24Z">
          <reporter-output>
          </reporter-output>
        </test-method> <!-- logintest -->
      </class> <!-- Direct_OP.Test.LoginTest -->
    </test> <!-- Default test -->
  </suite> <!-- Default suite -->
</testng-results>
